2026-05-05T00:01:20.367+02:00  INFO 28268 --- [lab06] [SpringApplicationShutdownHook] o.s.boot.tomcat.GracefulShutdown         : Commencing graceful shutdown. Waiting for active requests to complete
2026-05-05T00:01:20.382+02:00  INFO 28268 --- [lab06] [tomcat-shutdown] o.s.boot.tomcat.GracefulShutdown         : Graceful shutdown complete
2026-05-05T00:01:20.389+02:00  INFO 28268 --- [lab06] [SpringApplicationShutdownHook] j.LocalContainerEntityManagerFactoryBean : Closing JPA EntityManagerFactory for persistence unit 'default'
2026-05-05T00:01:20.394+02:00  INFO 28268 --- [lab06] [SpringApplicationShutdownHook] com.zaxxer.hikari.HikariDataSource       : HikariPool-1 - Shutdown initiated...
2026-05-05T00:01:20.396+02:00  INFO 28268 --- [lab06] [SpringApplicationShutdownHook] com.zaxxer.hikari.HikariDataSource       : HikariPool-1 - Shutdown completed.
2026-05-05T00:01:24.396+02:00  INFO 30836 --- [lab06] [restartedMain] p.pwr.ite.dynak.lab06.Lab06Application   : Starting Lab06Application using Java 25.0.2 with PID 30836 (C:\Users\grzed\IdeaProjects\gdyn280963_javatz_2026\lab06\target\classes started by grzed in C:\Users\grzed\IdeaProjects\gdyn280963_javatz_2026\lab06)
2026-05-05T00:01:24.399+02:00  INFO 30836 --- [lab06] [restartedMain] p.pwr.ite.dynak.lab06.Lab06Application   : No active profile set, falling back to 1 default profile: "default"
2026-05-05T00:01:24.449+02:00  INFO 30836 --- [lab06] [restartedMain] .e.DevToolsPropertyDefaultsPostProcessor : Devtools property defaults active! Set 'spring.devtools.add-properties' to 'false' to disable
2026-05-05T00:01:24.449+02:00  INFO 30836 --- [lab06] [restartedMain] .e.DevToolsPropertyDefaultsPostProcessor : For additional web related logging consider setting the 'logging.level.web' property to 'DEBUG'
2026-05-05T00:01:25.506+02:00  INFO 30836 --- [lab06] [restartedMain] .s.d.r.c.RepositoryConfigurationDelegate : Bootstrapping Spring Data JPA repositories in DEFAULT mode.
2026-05-05T00:01:25.571+02:00  INFO 30836 --- [lab06] [restartedMain] .s.d.r.c.RepositoryConfigurationDelegate : Finished Spring Data repository scanning in 55 ms. Found 5 JPA repository interfaces.
2026-05-05T00:01:26.050+02:00  INFO 30836 --- [lab06] [restartedMain] o.s.boot.tomcat.TomcatWebServer          : Tomcat initialized with port 8080 (http)
2026-05-05T00:01:26.118+02:00  INFO 30836 --- [lab06] [restartedMain] b.w.c.s.WebApplicationContextInitializer : Root WebApplicationContext: initialization completed in 1668 ms
2026-05-05T00:01:26.301+02:00  INFO 30836 --- [lab06] [restartedMain] org.hibernate.orm.jpa                    : HHH008540: Processing PersistenceUnitInfo [name: default]
2026-05-05T00:01:26.381+02:00  INFO 30836 --- [lab06] [restartedMain] org.hibernate.orm.core                   : HHH000001: Hibernate ORM core version 7.2.7.Final
2026-05-05T00:01:26.932+02:00  INFO 30836 --- [lab06] [restartedMain] o.s.o.j.p.SpringPersistenceUnitInfo      : No LoadTimeWeaver setup: ignoring JPA class transformer
2026-05-05T00:01:26.979+02:00  INFO 30836 --- [lab06] [restartedMain] com.zaxxer.hikari.HikariDataSource       : HikariPool-1 - Starting...
2026-05-05T00:01:27.084+02:00  INFO 30836 --- [lab06] [restartedMain] com.zaxxer.hikari.pool.HikariPool        : HikariPool-1 - Added connection org.sqlite.jdbc4.JDBC4Connection@739f0098
2026-05-05T00:01:27.086+02:00  INFO 30836 --- [lab06] [restartedMain] com.zaxxer.hikari.HikariDataSource       : HikariPool-1 - Start completed.
2026-05-05T00:01:27.137+02:00  INFO 30836 --- [lab06] [restartedMain] org.hibernate.orm.connections.pooling    : HHH10001005: Database info:
	Database JDBC URL [jdbc:sqlite:mydatabase.db]
	Database driver: SQLite JDBC
	Database dialect: SQLiteDialect
	Database version: 3.50.3
	Default catalog/schema: undefined/undefined
	Autocommit mode: undefined/unknown
	Isolation level: SERIALIZABLE [default SERIALIZABLE]
	JDBC fetch size: none
	Pool: DataSourceConnectionProvider
	Minimum pool size: undefined/unknown
	Maximum pool size: undefined/unknown
2026-05-05T00:01:28.232+02:00  INFO 30836 --- [lab06] [restartedMain] org.hibernate.orm.core                   : HHH000489: No JTA platform available (set 'hibernate.transaction.jta.platform' to enable JTA platform integration)
2026-05-05T00:01:28.281+02:00  INFO 30836 --- [lab06] [restartedMain] j.LocalContainerEntityManagerFactoryBean : Initialized JPA EntityManagerFactory for persistence unit 'default'
2026-05-05T00:01:28.361+02:00  INFO 30836 --- [lab06] [restartedMain] o.s.d.j.r.query.QueryEnhancerFactories   : Hibernate is in classpath; If applicable, HQL parser will be used.
2026-05-05T00:01:29.255+02:00  WARN 30836 --- [lab06] [restartedMain] JpaBaseConfiguration$JpaWebConfiguration : spring.jpa.open-in-view is enabled by default. Therefore, database queries may be performed during view rendering. Explicitly configure spring.jpa.open-in-view to disable this warning
2026-05-05T00:01:29.781+02:00  INFO 30836 --- [lab06] [restartedMain] o.s.boot.tomcat.TomcatWebServer          : Tomcat started on port 8080 (http) with context path '/'
2026-05-05T00:01:29.789+02:00  INFO 30836 --- [lab06] [restartedMain] p.pwr.ite.dynak.lab06.Lab06Application   : Started Lab06Application in 5.938 seconds (process running for 6.895)
2026-05-05T00:01:29.792+02:00  WARN 30836 --- [lab06] [restartedMain] o.s.core.events.SpringDocAppInitializer  : SpringDoc /v3/api-docs endpoint is enabled by default. To disable it in production, set the property 'springdoc.api-docs.enabled=false'
2026-05-05T00:01:29.792+02:00  WARN 30836 --- [lab06] [restartedMain] o.s.core.events.SpringDocAppInitializer  : SpringDoc /v3/api-docs endpoint is enabled by default. To disable it in production, set the property 'springdoc.swagger-ui.enabled=false'
2026-05-05T00:01:29.793+02:00  INFO 30836 --- [lab06] [SpringApplicationShutdownHook] o.s.boot.tomcat.GracefulShutdown         : Commencing graceful shutdown. Waiting for active requests to complete
2026-05-05T00:01:29.800+02:00  INFO 30836 --- [lab06] [tomcat-shutdown] o.s.boot.tomcat.GracefulShutdown         : Graceful shutdown complete
2026-05-05T00:01:29.816+02:00  INFO 30836 --- [lab06] [SpringApplicationShutdownHook] j.LocalContainerEntityManagerFactoryBean : Closing JPA EntityManagerFactory for persistence unit 'default'
2026-05-05T00:01:29.821+02:00  INFO 30836 --- [lab06] [SpringApplicationShutdownHook] com.zaxxer.hikari.HikariDataSource       : HikariPool-1 - Shutdown initiated...
2026-05-05T00:01:29.824+02:00  INFO 30836 --- [lab06] [SpringApplicationShutdownHook] com.zaxxer.hikari.HikariDataSource       : HikariPool-1 - Shutdown completed.
2026-05-05T00:04:13.333+02:00  INFO 31204 --- [lab06] [restartedMain] p.pwr.ite.dynak.lab06.Lab06Application   : Starting Lab06Application using Java 25.0.2 with PID 31204 (C:\Users\grzed\IdeaProjects\gdyn280963_javatz_2026\lab06\target\classes started by grzed in C:\Users\grzed\IdeaProjects\gdyn280963_javatz_2026\lab06)
2026-05-05T00:04:13.336+02:00  INFO 31204 --- [lab06] [restartedMain] p.pwr.ite.dynak.lab06.Lab06Application   : No active profile set, falling back to 1 default profile: "default"
2026-05-05T00:04:13.410+02:00  INFO 31204 --- [lab06] [restartedMain] .e.DevToolsPropertyDefaultsPostProcessor : Devtools property defaults active! Set 'spring.devtools.add-properties' to 'false' to disable
2026-05-05T00:04:13.410+02:00  INFO 31204 --- [lab06] [restartedMain] .e.DevToolsPropertyDefaultsPostProcessor : For additional web related logging consider setting the 'logging.level.web' property to 'DEBUG'
2026-05-05T00:04:14.556+02:00  INFO 31204 --- [lab06] [restartedMain] .s.d.r.c.RepositoryConfigurationDelegate : Bootstrapping Spring Data JPA repositories in DEFAULT mode.
2026-05-05T00:04:14.639+02:00  INFO 31204 --- [lab06] [restartedMain] .s.d.r.c.RepositoryConfigurationDelegate : Finished Spring Data repository scanning in 70 ms. Found 5 JPA repository interfaces.
2026-05-05T00:04:15.193+02:00  INFO 31204 --- [lab06] [restartedMain] o.s.boot.tomcat.TomcatWebServer          : Tomcat initialized with port 8080 (http)
2026-05-05T00:04:15.209+02:00  INFO 31204 --- [lab06] [restartedMain] o.apache.catalina.core.StandardService   : Starting service [Tomcat]
2026-05-05T00:04:15.210+02:00  INFO 31204 --- [lab06] [restartedMain] o.apache.catalina.core.StandardEngine    : Starting Servlet engine: [Apache Tomcat/11.0.20]
2026-05-05T00:04:15.263+02:00  INFO 31204 --- [lab06] [restartedMain] b.w.c.s.WebApplicationContextInitializer : Root WebApplicationContext: initialization completed in 1852 ms
2026-05-05T00:04:15.508+02:00  INFO 31204 --- [lab06] [restartedMain] org.hibernate.orm.jpa                    : HHH008540: Processing PersistenceUnitInfo [name: default]
2026-05-05T00:04:15.635+02:00  INFO 31204 --- [lab06] [restartedMain] org.hibernate.orm.core                   : HHH000001: Hibernate ORM core version 7.2.7.Final
2026-05-05T00:04:16.389+02:00  INFO 31204 --- [lab06] [restartedMain] o.s.o.j.p.SpringPersistenceUnitInfo      : No LoadTimeWeaver setup: ignoring JPA class transformer
2026-05-05T00:04:16.431+02:00  INFO 31204 --- [lab06] [restartedMain] com.zaxxer.hikari.HikariDataSource       : HikariPool-1 - Starting...
2026-05-05T00:04:16.535+02:00  INFO 31204 --- [lab06] [restartedMain] com.zaxxer.hikari.pool.HikariPool        : HikariPool-1 - Added connection org.sqlite.jdbc4.JDBC4Connection@2c61a11b
2026-05-05T00:04:16.537+02:00  INFO 31204 --- [lab06] [restartedMain] com.zaxxer.hikari.HikariDataSource       : HikariPool-1 - Start completed.
2026-05-05T00:04:16.583+02:00  INFO 31204 --- [lab06] [restartedMain] org.hibernate.orm.connections.pooling    : HHH10001005: Database info:
	Database JDBC URL [jdbc:sqlite:mydatabase.db]
	Database driver: SQLite JDBC
	Database dialect: SQLiteDialect
	Database version: 3.50.3
	Default catalog/schema: undefined/undefined
	Autocommit mode: undefined/unknown
	Isolation level: SERIALIZABLE [default SERIALIZABLE]
	JDBC fetch size: none
	Pool: DataSourceConnectionProvider
	Minimum pool size: undefined/unknown
	Maximum pool size: undefined/unknown
2026-05-05T00:04:17.646+02:00  INFO 31204 --- [lab06] [restartedMain] org.hibernate.orm.core                   : HHH000489: No JTA platform available (set 'hibernate.transaction.jta.platform' to enable JTA platform integration)
2026-05-05T00:04:17.693+02:00  INFO 31204 --- [lab06] [restartedMain] j.LocalContainerEntityManagerFactoryBean : Initialized JPA EntityManagerFactory for persistence unit 'default'
2026-05-05T00:04:17.784+02:00  INFO 31204 --- [lab06] [restartedMain] o.s.d.j.r.query.QueryEnhancerFactories   : Hibernate is in classpath; If applicable, HQL parser will be used.
2026-05-05T00:04:18.601+02:00  WARN 31204 --- [lab06] [restartedMain] JpaBaseConfiguration$JpaWebConfiguration : spring.jpa.open-in-view is enabled by default. Therefore, database queries may be performed during view rendering. Explicitly configure spring.jpa.open-in-view to disable this warning
2026-05-05T00:04:19.086+02:00  INFO 31204 --- [lab06] [restartedMain] o.s.boot.tomcat.TomcatWebServer          : Tomcat started on port 8080 (http) with context path '/'
2026-05-05T00:04:19.094+02:00  INFO 31204 --- [lab06] [restartedMain] p.pwr.ite.dynak.lab06.Lab06Application   : Started Lab06Application in 6.441 seconds (process running for 7.731)
2026-05-05T00:04:19.097+02:00  WARN 31204 --- [lab06] [restartedMain] o.s.core.events.SpringDocAppInitializer  : SpringDoc /v3/api-docs endpoint is enabled by default. To disable it in production, set the property 'springdoc.api-docs.enabled=false'
2026-05-05T00:04:19.097+02:00  WARN 31204 --- [lab06] [restartedMain] o.s.core.events.SpringDocAppInitializer  : SpringDoc /v3/api-docs endpoint is enabled by default. To disable it in production, set the property 'springdoc.swagger-ui.enabled=false'
2026-05-05T00:11:24.407+02:00  INFO 31204 --- [lab06] [http-nio-8080-exec-1] o.a.c.c.C.[Tomcat].[localhost].[/]       : Initializing Spring DispatcherServlet 'dispatcherServlet'
2026-05-05T00:11:24.407+02:00  INFO 31204 --- [lab06] [http-nio-8080-exec-1] o.s.web.servlet.DispatcherServlet        : Initializing Servlet 'dispatcherServlet'
2026-05-05T00:11:24.408+02:00  INFO 31204 --- [lab06] [http-nio-8080-exec-1] o.s.web.servlet.DispatcherServlet        : Completed initialization in 1 ms
2026-05-05T00:11:28.910+02:00  INFO 31204 --- [lab06] [SpringApplicationShutdownHook] o.s.boot.tomcat.GracefulShutdown         : Commencing graceful shutdown. Waiting for active requests to complete
2026-05-05T00:11:28.917+02:00  INFO 31204 --- [lab06] [tomcat-shutdown] o.s.boot.tomcat.GracefulShutdown         : Graceful shutdown complete
2026-05-05T00:11:28.921+02:00  INFO 31204 --- [lab06] [SpringApplicationShutdownHook] j.LocalContainerEntityManagerFactoryBean : Closing JPA EntityManagerFactory for persistence unit 'default'
2026-05-05T00:11:28.925+02:00  INFO 31204 --- [lab06] [SpringApplicationShutdownHook] com.zaxxer.hikari.HikariDataSource       : HikariPool-1 - Shutdown initiated...
2026-05-05T00:11:28.927+02:00  INFO 31204 --- [lab06] [SpringApplicationShutdownHook] com.zaxxer.hikari.HikariDataSource       : HikariPool-1 - Shutdown completed.
2026-05-05T00:16:38.299+02:00  INFO 21796 --- [lab06] [restartedMain] p.pwr.ite.dynak.lab06.Lab06Application   : Starting Lab06Application using Java 25.0.2 with PID 21796 (C:\Users\grzed\IdeaProjects\gdyn280963_javatz_2026\lab06\target\classes started by grzed in C:\Users\grzed\IdeaProjects\gdyn280963_javatz_2026\lab06)
2026-05-05T00:16:38.308+02:00  INFO 21796 --- [lab06] [restartedMain] p.pwr.ite.dynak.lab06.Lab06Application   : No active profile set, falling back to 1 default profile: "default"
2026-05-05T00:16:38.429+02:00  INFO 21796 --- [lab06] [restartedMain] .e.DevToolsPropertyDefaultsPostProcessor : Devtools property defaults active! Set 'spring.devtools.add-properties' to 'false' to disable
2026-05-05T00:16:38.429+02:00  INFO 21796 --- [lab06] [restartedMain] .e.DevToolsPropertyDefaultsPostProcessor : For additional web related logging consider setting the 'logging.level.web' property to 'DEBUG'
2026-05-05T00:16:39.607+02:00  INFO 21796 --- [lab06] [restartedMain] .s.d.r.c.RepositoryConfigurationDelegate : Bootstrapping Spring Data JPA repositories in DEFAULT mode.
2026-05-05T00:16:39.681+02:00  INFO 21796 --- [lab06] [restartedMain] .s.d.r.c.RepositoryConfigurationDelegate : Finished Spring Data repository scanning in 62 ms. Found 5 JPA repository interfaces.
2026-05-05T00:16:40.275+02:00  INFO 21796 --- [lab06] [restartedMain] o.s.boot.tomcat.TomcatWebServer          : Tomcat initialized with port 8080 (http)
2026-05-05T00:16:40.293+02:00  INFO 21796 --- [lab06] [restartedMain] o.apache.catalina.core.StandardService   : Starting service [Tomcat]
2026-05-05T00:16:40.294+02:00  INFO 21796 --- [lab06] [restartedMain] o.apache.catalina.core.StandardEngine    : Starting Servlet engine: [Apache Tomcat/11.0.20]
2026-05-05T00:16:40.370+02:00  INFO 21796 --- [lab06] [restartedMain] b.w.c.s.WebApplicationContextInitializer : Root WebApplicationContext: initialization completed in 1940 ms
2026-05-05T00:16:40.547+02:00  INFO 21796 --- [lab06] [restartedMain] org.hibernate.orm.jpa                    : HHH008540: Processing PersistenceUnitInfo [name: default]
2026-05-05T00:16:40.606+02:00  INFO 21796 --- [lab06] [restartedMain] org.hibernate.orm.core                   : HHH000001: Hibernate ORM core version 7.2.7.Final
2026-05-05T00:16:41.100+02:00  INFO 21796 --- [lab06] [restartedMain] o.s.o.j.p.SpringPersistenceUnitInfo      : No LoadTimeWeaver setup: ignoring JPA class transformer
2026-05-05T00:16:41.136+02:00  INFO 21796 --- [lab06] [restartedMain] com.zaxxer.hikari.HikariDataSource       : HikariPool-1 - Starting...
2026-05-05T00:16:41.225+02:00  INFO 21796 --- [lab06] [restartedMain] com.zaxxer.hikari.pool.HikariPool        : HikariPool-1 - Added connection org.sqlite.jdbc4.JDBC4Connection@5774d3ae
2026-05-05T00:16:41.227+02:00  INFO 21796 --- [lab06] [restartedMain] com.zaxxer.hikari.HikariDataSource       : HikariPool-1 - Start completed.
2026-05-05T00:16:41.283+02:00  INFO 21796 --- [lab06] [restartedMain] org.hibernate.orm.connections.pooling    : HHH10001005: Database info:
	Database JDBC URL [jdbc:sqlite:mydatabase.db]
	Database driver: SQLite JDBC
	Database dialect: SQLiteDialect
	Database version: 3.50.3
	Default catalog/schema: undefined/undefined
	Autocommit mode: undefined/unknown
	Isolation level: SERIALIZABLE [default SERIALIZABLE]
	JDBC fetch size: none
	Pool: DataSourceConnectionProvider
	Minimum pool size: undefined/unknown
	Maximum pool size: undefined/unknown
2026-05-05T00:16:42.220+02:00  INFO 21796 --- [lab06] [restartedMain] org.hibernate.orm.core                   : HHH000489: No JTA platform available (set 'hibernate.transaction.jta.platform' to enable JTA platform integration)
2026-05-05T00:16:42.264+02:00  INFO 21796 --- [lab06] [restartedMain] j.LocalContainerEntityManagerFactoryBean : Initialized JPA EntityManagerFactory for persistence unit 'default'
2026-05-05T00:16:42.348+02:00  INFO 21796 --- [lab06] [restartedMain] o.s.d.j.r.query.QueryEnhancerFactories   : Hibernate is in classpath; If applicable, HQL parser will be used.
2026-05-05T00:16:43.106+02:00  WARN 21796 --- [lab06] [restartedMain] JpaBaseConfiguration$JpaWebConfiguration : spring.jpa.open-in-view is enabled by default. Therefore, database queries may be performed during view rendering. Explicitly configure spring.jpa.open-in-view to disable this warning
2026-05-05T00:16:43.603+02:00  INFO 21796 --- [lab06] [restartedMain] o.s.boot.tomcat.TomcatWebServer          : Tomcat started on port 8080 (http) with context path '/'
2026-05-05T00:16:43.611+02:00  INFO 21796 --- [lab06] [restartedMain] p.pwr.ite.dynak.lab06.Lab06Application   : Started Lab06Application in 5.856 seconds (process running for 6.883)
2026-05-05T00:16:43.614+02:00  WARN 21796 --- [lab06] [restartedMain] o.s.core.events.SpringDocAppInitializer  : SpringDoc /v3/api-docs endpoint is enabled by default. To disable it in production, set the property 'springdoc.api-docs.enabled=false'
2026-05-05T00:16:43.615+02:00  WARN 21796 --- [lab06] [restartedMain] o.s.core.events.SpringDocAppInitializer  : SpringDoc /v3/api-docs endpoint is enabled by default. To disable it in production, set the property 'springdoc.swagger-ui.enabled=false'
2026-05-05T00:16:50.918+02:00  INFO 21796 --- [lab06] [http-nio-8080-exec-1] o.a.c.c.C.[Tomcat].[localhost].[/]       : Initializing Spring DispatcherServlet 'dispatcherServlet'
2026-05-05T00:16:50.918+02:00  INFO 21796 --- [lab06] [http-nio-8080-exec-1] o.s.web.servlet.DispatcherServlet        : Initializing Servlet 'dispatcherServlet'
2026-05-05T00:16:50.919+02:00  INFO 21796 --- [lab06] [http-nio-8080-exec-1] o.s.web.servlet.DispatcherServlet        : Completed initialization in 1 ms
2026-05-05T00:16:58.022+02:00  INFO 21796 --- [lab06] [http-nio-8080-exec-1] o.springdoc.api.AbstractOpenApiResource  : Init duration for springdoc-openapi is: 267 ms
2026-05-05T00:17:28.190+02:00  INFO 21796 --- [lab06] [http-nio-8080-exec-4] p.p.i.d.l.core.services.OrderService     : Order created: 3
2026-05-05T00:17:28.191+02:00  INFO 21796 --- [lab06] [http-nio-8080-exec-4] p.p.i.d.l.c.services.ActionLogService    : [=== ORDER_CREATED ===] Order created: 3
2026-05-05T00:25:07.896+02:00  INFO 21796 --- [lab06] [SpringApplicationShutdownHook] o.s.boot.tomcat.GracefulShutdown         : Commencing graceful shutdown. Waiting for active requests to complete
2026-05-05T00:25:07.903+02:00  INFO 21796 --- [lab06] [tomcat-shutdown] o.s.boot.tomcat.GracefulShutdown         : Graceful shutdown complete
2026-05-05T00:25:07.917+02:00  INFO 21796 --- [lab06] [SpringApplicationShutdownHook] j.LocalContainerEntityManagerFactoryBean : Closing JPA EntityManagerFactory for persistence unit 'default'
2026-05-05T00:25:07.924+02:00  INFO 21796 --- [lab06] [SpringApplicationShutdownHook] com.zaxxer.hikari.HikariDataSource       : HikariPool-1 - Shutdown initiated...
2026-05-05T00:25:07.927+02:00  INFO 21796 --- [lab06] [SpringApplicationShutdownHook] com.zaxxer.hikari.HikariDataSource       : HikariPool-1 - Shutdown completed.
2026-05-05T00:33:40.724+02:00  INFO 13044 --- [lab06] [restartedMain] p.pwr.ite.dynak.lab06.Lab06Application   : Starting Lab06Application using Java 25.0.2 with PID 13044 (C:\Users\grzed\IdeaProjects\gdyn280963_javatz_2026\lab06\target\classes started by grzed in C:\Users\grzed\IdeaProjects\gdyn280963_javatz_2026\lab06)
2026-05-05T00:33:40.728+02:00  INFO 13044 --- [lab06] [restartedMain] p.pwr.ite.dynak.lab06.Lab06Application   : No active profile set, falling back to 1 default profile: "default"
2026-05-05T00:33:40.784+02:00  INFO 13044 --- [lab06] [restartedMain] .e.DevToolsPropertyDefaultsPostProcessor : Devtools property defaults active! Set 'spring.devtools.add-properties' to 'false' to disable
2026-05-05T00:33:40.785+02:00  INFO 13044 --- [lab06] [restartedMain] .e.DevToolsPropertyDefaultsPostProcessor : For additional web related logging consider setting the 'logging.level.web' property to 'DEBUG'
2026-05-05T00:33:41.702+02:00  INFO 13044 --- [lab06] [restartedMain] .s.d.r.c.RepositoryConfigurationDelegate : Bootstrapping Spring Data JPA repositories in DEFAULT mode.
2026-05-05T00:33:41.775+02:00  INFO 13044 --- [lab06] [restartedMain] .s.d.r.c.RepositoryConfigurationDelegate : Finished Spring Data repository scanning in 63 ms. Found 5 JPA repository interfaces.
2026-05-05T00:33:42.337+02:00  INFO 13044 --- [lab06] [restartedMain] o.s.boot.tomcat.TomcatWebServer          : Tomcat initialized with port 8080 (http)
2026-05-05T00:33:42.353+02:00  INFO 13044 --- [lab06] [restartedMain] o.apache.catalina.core.StandardService   : Starting service [Tomcat]
2026-05-05T00:33:42.354+02:00  INFO 13044 --- [lab06] [restartedMain] o.apache.catalina.core.StandardEngine    : Starting Servlet engine: [Apache Tomcat/11.0.20]
2026-05-05T00:33:42.407+02:00  INFO 13044 --- [lab06] [restartedMain] b.w.c.s.WebApplicationContextInitializer : Root WebApplicationContext: initialization completed in 1622 ms
2026-05-05T00:33:42.587+02:00  INFO 13044 --- [lab06] [restartedMain] org.hibernate.orm.jpa                    : HHH008540: Processing PersistenceUnitInfo [name: default]
2026-05-05T00:33:42.645+02:00  INFO 13044 --- [lab06] [restartedMain] org.hibernate.orm.core                   : HHH000001: Hibernate ORM core version 7.2.7.Final
2026-05-05T00:33:43.416+02:00  INFO 13044 --- [lab06] [restartedMain] o.s.o.j.p.SpringPersistenceUnitInfo      : No LoadTimeWeaver setup: ignoring JPA class transformer
2026-05-05T00:33:43.459+02:00  INFO 13044 --- [lab06] [restartedMain] com.zaxxer.hikari.HikariDataSource       : HikariPool-1 - Starting...
2026-05-05T00:33:43.569+02:00  INFO 13044 --- [lab06] [restartedMain] com.zaxxer.hikari.pool.HikariPool        : HikariPool-1 - Added connection org.sqlite.jdbc4.JDBC4Connection@61ebebb6
2026-05-05T00:33:43.571+02:00  INFO 13044 --- [lab06] [restartedMain] com.zaxxer.hikari.HikariDataSource       : HikariPool-1 - Start completed.
2026-05-05T00:33:43.629+02:00  INFO 13044 --- [lab06] [restartedMain] org.hibernate.orm.connections.pooling    : HHH10001005: Database info:
	Database JDBC URL [jdbc:sqlite:mydatabase.db]
	Database driver: SQLite JDBC
	Database dialect: SQLiteDialect
	Database version: 3.50.3
	Default catalog/schema: undefined/undefined
	Autocommit mode: undefined/unknown
	Isolation level: SERIALIZABLE [default SERIALIZABLE]
	JDBC fetch size: none
	Pool: DataSourceConnectionProvider
	Minimum pool size: undefined/unknown
	Maximum pool size: undefined/unknown
2026-05-05T00:33:44.801+02:00  INFO 13044 --- [lab06] [restartedMain] org.hibernate.orm.core                   : HHH000489: No JTA platform available (set 'hibernate.transaction.jta.platform' to enable JTA platform integration)
2026-05-05T00:33:44.859+02:00  INFO 13044 --- [lab06] [restartedMain] j.LocalContainerEntityManagerFactoryBean : Initialized JPA EntityManagerFactory for persistence unit 'default'
2026-05-05T00:33:44.937+02:00  INFO 13044 --- [lab06] [restartedMain] o.s.d.j.r.query.QueryEnhancerFactories   : Hibernate is in classpath; If applicable, HQL parser will be used.
2026-05-05T00:33:45.669+02:00  WARN 13044 --- [lab06] [restartedMain] JpaBaseConfiguration$JpaWebConfiguration : spring.jpa.open-in-view is enabled by default. Therefore, database queries may be performed during view rendering. Explicitly configure spring.jpa.open-in-view to disable this warning
2026-05-05T00:33:46.219+02:00  INFO 13044 --- [lab06] [restartedMain] o.s.boot.tomcat.TomcatWebServer          : Tomcat started on port 8080 (http) with context path '/'
2026-05-05T00:33:46.226+02:00  INFO 13044 --- [lab06] [restartedMain] p.pwr.ite.dynak.lab06.Lab06Application   : Started Lab06Application in 6.097 seconds (process running for 7.026)
2026-05-05T00:33:46.228+02:00  WARN 13044 --- [lab06] [restartedMain] o.s.core.events.SpringDocAppInitializer  : SpringDoc /v3/api-docs endpoint is enabled by default. To disable it in production, set the property 'springdoc.api-docs.enabled=false'
2026-05-05T00:33:46.229+02:00  WARN 13044 --- [lab06] [restartedMain] o.s.core.events.SpringDocAppInitializer  : SpringDoc /v3/api-docs endpoint is enabled by default. To disable it in production, set the property 'springdoc.swagger-ui.enabled=false'
2026-05-05T00:37:21.150+02:00  INFO 13044 --- [lab06] [http-nio-8080-exec-1] o.a.c.c.C.[Tomcat].[localhost].[/]       : Initializing Spring DispatcherServlet 'dispatcherServlet'
2026-05-05T00:37:21.150+02:00  INFO 13044 --- [lab06] [http-nio-8080-exec-1] o.s.web.servlet.DispatcherServlet        : Initializing Servlet 'dispatcherServlet'
2026-05-05T00:37:21.151+02:00  INFO 13044 --- [lab06] [http-nio-8080-exec-1] o.s.web.servlet.DispatcherServlet        : Completed initialization in 1 ms
2026-05-05T00:37:21.767+02:00  INFO 13044 --- [lab06] [http-nio-8080-exec-8] o.springdoc.api.AbstractOpenApiResource  : Init duration for springdoc-openapi is: 254 ms
2026-05-05T00:39:06.030+02:00  INFO 13044 --- [lab06] [SpringApplicationShutdownHook] o.s.boot.tomcat.GracefulShutdown         : Commencing graceful shutdown. Waiting for active requests to complete
2026-05-05T00:39:06.037+02:00  INFO 13044 --- [lab06] [tomcat-shutdown] o.s.boot.tomcat.GracefulShutdown         : Graceful shutdown complete
2026-05-05T00:39:06.041+02:00  INFO 13044 --- [lab06] [SpringApplicationShutdownHook] j.LocalContainerEntityManagerFactoryBean : Closing JPA EntityManagerFactory for persistence unit 'default'
2026-05-05T00:39:06.044+02:00  INFO 13044 --- [lab06] [SpringApplicationShutdownHook] com.zaxxer.hikari.HikariDataSource       : HikariPool-1 - Shutdown initiated...
2026-05-05T00:39:06.047+02:00  INFO 13044 --- [lab06] [SpringApplicationShutdownHook] com.zaxxer.hikari.HikariDataSource       : HikariPool-1 - Shutdown completed.
2026-05-05T01:56:33.123+02:00  INFO 10152 --- [lab06] [restartedMain] p.pwr.ite.dynak.lab06.Lab06Application   : Starting Lab06Application using Java 25.0.2 with PID 10152 (C:\Users\grzed\IdeaProjects\gdyn280963_javatz_2026\lab06\target\classes started by grzed in C:\Users\grzed\IdeaProjects\gdyn280963_javatz_2026\lab06)
2026-05-05T01:56:33.127+02:00  INFO 10152 --- [lab06] [restartedMain] p.pwr.ite.dynak.lab06.Lab06Application   : No active profile set, falling back to 1 default profile: "default"
2026-05-05T01:56:33.184+02:00  INFO 10152 --- [lab06] [restartedMain] .e.DevToolsPropertyDefaultsPostProcessor : Devtools property defaults active! Set 'spring.devtools.add-properties' to 'false' to disable
2026-05-05T01:56:33.184+02:00  INFO 10152 --- [lab06] [restartedMain] .e.DevToolsPropertyDefaultsPostProcessor : For additional web related logging consider setting the 'logging.level.web' property to 'DEBUG'
2026-05-05T01:56:34.190+02:00  INFO 10152 --- [lab06] [restartedMain] .s.d.r.c.RepositoryConfigurationDelegate : Bootstrapping Spring Data JPA repositories in DEFAULT mode.
2026-05-05T01:56:34.263+02:00  INFO 10152 --- [lab06] [restartedMain] .s.d.r.c.RepositoryConfigurationDelegate : Finished Spring Data repository scanning in 62 ms. Found 5 JPA repository interfaces.
2026-05-05T01:56:34.784+02:00  INFO 10152 --- [lab06] [restartedMain] o.s.boot.tomcat.TomcatWebServer          : Tomcat initialized with port 8080 (http)
2026-05-05T01:56:34.799+02:00  INFO 10152 --- [lab06] [restartedMain] o.apache.catalina.core.StandardService   : Starting service [Tomcat]
2026-05-05T01:56:34.799+02:00  INFO 10152 --- [lab06] [restartedMain] o.apache.catalina.core.StandardEngine    : Starting Servlet engine: [Apache Tomcat/11.0.20]
2026-05-05T01:56:34.856+02:00  INFO 10152 --- [lab06] [restartedMain] b.w.c.s.WebApplicationContextInitializer : Root WebApplicationContext: initialization completed in 1671 ms
2026-05-05T01:56:35.058+02:00  INFO 10152 --- [lab06] [restartedMain] org.hibernate.orm.jpa                    : HHH008540: Processing PersistenceUnitInfo [name: default]
2026-05-05T01:56:35.136+02:00  INFO 10152 --- [lab06] [restartedMain] org.hibernate.orm.core                   : HHH000001: Hibernate ORM core version 7.2.7.Final
2026-05-05T01:56:35.713+02:00  INFO 10152 --- [lab06] [restartedMain] o.s.o.j.p.SpringPersistenceUnitInfo      : No LoadTimeWeaver setup: ignoring JPA class transformer
2026-05-05T01:56:35.755+02:00  INFO 10152 --- [lab06] [restartedMain] com.zaxxer.hikari.HikariDataSource       : HikariPool-1 - Starting...
2026-05-05T01:56:35.852+02:00  INFO 10152 --- [lab06] [restartedMain] com.zaxxer.hikari.pool.HikariPool        : HikariPool-1 - Added connection org.sqlite.jdbc4.JDBC4Connection@5c4ea629
2026-05-05T01:56:35.854+02:00  INFO 10152 --- [lab06] [restartedMain] com.zaxxer.hikari.HikariDataSource       : HikariPool-1 - Start completed.
2026-05-05T01:56:35.908+02:00  INFO 10152 --- [lab06] [restartedMain] org.hibernate.orm.connections.pooling    : HHH10001005: Database info:
	Database JDBC URL [jdbc:sqlite:mydatabase.db]
	Database driver: SQLite JDBC
	Database dialect: SQLiteDialect
	Database version: 3.50.3
	Default catalog/schema: undefined/undefined
	Autocommit mode: undefined/unknown
	Isolation level: SERIALIZABLE [default SERIALIZABLE]
	JDBC fetch size: none
	Pool: DataSourceConnectionProvider
	Minimum pool size: undefined/unknown
	Maximum pool size: undefined/unknown
2026-05-05T01:56:37.050+02:00  INFO 10152 --- [lab06] [restartedMain] org.hibernate.orm.core                   : HHH000489: No JTA platform available (set 'hibernate.transaction.jta.platform' to enable JTA platform integration)
2026-05-05T01:56:37.106+02:00  INFO 10152 --- [lab06] [restartedMain] j.LocalContainerEntityManagerFactoryBean : Initialized JPA EntityManagerFactory for persistence unit 'default'
2026-05-05T01:56:37.197+02:00  INFO 10152 --- [lab06] [restartedMain] o.s.d.j.r.query.QueryEnhancerFactories   : Hibernate is in classpath; If applicable, HQL parser will be used.
2026-05-05T01:56:38.010+02:00  WARN 10152 --- [lab06] [restartedMain] JpaBaseConfiguration$JpaWebConfiguration : spring.jpa.open-in-view is enabled by default. Therefore, database queries may be performed during view rendering. Explicitly configure spring.jpa.open-in-view to disable this warning
2026-05-05T01:56:38.521+02:00  INFO 10152 --- [lab06] [restartedMain] o.s.boot.tomcat.TomcatWebServer          : Tomcat started on port 8080 (http) with context path '/'
2026-05-05T01:56:38.528+02:00  INFO 10152 --- [lab06] [restartedMain] p.pwr.ite.dynak.lab06.Lab06Application   : Started Lab06Application in 5.955 seconds (process running for 6.961)
2026-05-05T01:56:38.532+02:00  WARN 10152 --- [lab06] [restartedMain] o.s.core.events.SpringDocAppInitializer  : SpringDoc /v3/api-docs endpoint is enabled by default. To disable it in production, set the property 'springdoc.api-docs.enabled=false'
2026-05-05T01:56:38.532+02:00  WARN 10152 --- [lab06] [restartedMain] o.s.core.events.SpringDocAppInitializer  : SpringDoc /v3/api-docs endpoint is enabled by default. To disable it in production, set the property 'springdoc.swagger-ui.enabled=false'
2026-05-05T01:56:42.803+02:00  INFO 10152 --- [lab06] [http-nio-8080-exec-1] o.a.c.c.C.[Tomcat].[localhost].[/]       : Initializing Spring DispatcherServlet 'dispatcherServlet'
2026-05-05T01:56:42.803+02:00  INFO 10152 --- [lab06] [http-nio-8080-exec-1] o.s.web.servlet.DispatcherServlet        : Initializing Servlet 'dispatcherServlet'
2026-05-05T01:56:42.805+02:00  INFO 10152 --- [lab06] [http-nio-8080-exec-1] o.s.web.servlet.DispatcherServlet        : Completed initialization in 1 ms
2026-05-05T01:56:43.614+02:00  INFO 10152 --- [lab06] [http-nio-8080-exec-9] o.springdoc.api.AbstractOpenApiResource  : Init duration for springdoc-openapi is: 286 ms
2026-05-05T01:57:18.508+02:00  INFO 10152 --- [lab06] [SpringApplicationShutdownHook] o.s.boot.tomcat.GracefulShutdown         : Commencing graceful shutdown. Waiting for active requests to complete
2026-05-05T01:57:18.515+02:00  INFO 10152 --- [lab06] [tomcat-shutdown] o.s.boot.tomcat.GracefulShutdown         : Graceful shutdown complete
2026-05-05T01:57:18.522+02:00  INFO 10152 --- [lab06] [SpringApplicationShutdownHook] j.LocalContainerEntityManagerFactoryBean : Closing JPA EntityManagerFactory for persistence unit 'default'
2026-05-05T01:57:18.525+02:00  INFO 10152 --- [lab06] [SpringApplicationShutdownHook] com.zaxxer.hikari.HikariDataSource       : HikariPool-1 - Shutdown initiated...
2026-05-05T01:57:18.527+02:00  INFO 10152 --- [lab06] [SpringApplicationShutdownHook] com.zaxxer.hikari.HikariDataSource       : HikariPool-1 - Shutdown completed.
2026-05-05T16:06:21.136+02:00  INFO 32144 --- [lab06] [restartedMain] p.pwr.ite.dynak.lab06.Lab06Application   : Starting Lab06Application using Java 25.0.2 with PID 32144 (C:\Users\grzed\IdeaProjects\gdyn280963_javatz_2026\lab06\target\classes started by grzed in C:\Users\grzed\IdeaProjects\gdyn280963_javatz_2026\lab06)
2026-05-05T16:06:21.143+02:00  INFO 32144 --- [lab06] [restartedMain] p.pwr.ite.dynak.lab06.Lab06Application   : No active profile set, falling back to 1 default profile: "default"
2026-05-05T16:06:21.255+02:00  INFO 32144 --- [lab06] [restartedMain] .e.DevToolsPropertyDefaultsPostProcessor : Devtools property defaults active! Set 'spring.devtools.add-properties' to 'false' to disable
2026-05-05T16:06:21.255+02:00  INFO 32144 --- [lab06] [restartedMain] .e.DevToolsPropertyDefaultsPostProcessor : For additional web related logging consider setting the 'logging.level.web' property to 'DEBUG'
2026-05-05T16:06:23.206+02:00  INFO 32144 --- [lab06] [restartedMain] .s.d.r.c.RepositoryConfigurationDelegate : Bootstrapping Spring Data JPA repositories in DEFAULT mode.
2026-05-05T16:06:23.373+02:00  INFO 32144 --- [lab06] [restartedMain] .s.d.r.c.RepositoryConfigurationDelegate : Finished Spring Data repository scanning in 127 ms. Found 5 JPA repository interfaces.
2026-05-05T16:06:24.558+02:00  INFO 32144 --- [lab06] [restartedMain] o.s.boot.tomcat.TomcatWebServer          : Tomcat initialized with port 8080 (http)
2026-05-05T16:06:24.588+02:00  INFO 32144 --- [lab06] [restartedMain] o.apache.catalina.core.StandardService   : Starting service [Tomcat]
2026-05-05T16:06:24.589+02:00  INFO 32144 --- [lab06] [restartedMain] o.apache.catalina.core.StandardEngine    : Starting Servlet engine: [Apache Tomcat/11.0.20]
2026-05-05T16:06:24.706+02:00  INFO 32144 --- [lab06] [restartedMain] b.w.c.s.WebApplicationContextInitializer : Root WebApplicationContext: initialization completed in 3450 ms
2026-05-05T16:06:25.112+02:00  INFO 32144 --- [lab06] [restartedMain] org.hibernate.orm.jpa                    : HHH008540: Processing PersistenceUnitInfo [name: default]
2026-05-05T16:06:25.268+02:00  INFO 32144 --- [lab06] [restartedMain] org.hibernate.orm.core                   : HHH000001: Hibernate ORM core version 7.2.7.Final
2026-05-05T16:06:26.681+02:00  INFO 32144 --- [lab06] [restartedMain] o.s.o.j.p.SpringPersistenceUnitInfo      : No LoadTimeWeaver setup: ignoring JPA class transformer
2026-05-05T16:06:26.796+02:00  INFO 32144 --- [lab06] [restartedMain] com.zaxxer.hikari.HikariDataSource       : HikariPool-1 - Starting...
2026-05-05T16:06:27.057+02:00  INFO 32144 --- [lab06] [restartedMain] com.zaxxer.hikari.pool.HikariPool        : HikariPool-1 - Added connection org.sqlite.jdbc4.JDBC4Connection@36e88a02
2026-05-05T16:06:27.061+02:00  INFO 32144 --- [lab06] [restartedMain] com.zaxxer.hikari.HikariDataSource       : HikariPool-1 - Start completed.
2026-05-05T16:06:27.181+02:00  INFO 32144 --- [lab06] [restartedMain] org.hibernate.orm.connections.pooling    : HHH10001005: Database info:
	Database JDBC URL [jdbc:sqlite:mydatabase.db]
	Database driver: SQLite JDBC
	Database dialect: SQLiteDialect
	Database version: 3.50.3
	Default catalog/schema: undefined/undefined
	Autocommit mode: undefined/unknown
	Isolation level: SERIALIZABLE [default SERIALIZABLE]
	JDBC fetch size: none
	Pool: DataSourceConnectionProvider
	Minimum pool size: undefined/unknown
	Maximum pool size: undefined/unknown
2026-05-05T16:06:29.806+02:00  INFO 32144 --- [lab06] [restartedMain] org.hibernate.orm.core                   : HHH000489: No JTA platform available (set 'hibernate.transaction.jta.platform' to enable JTA platform integration)
2026-05-05T16:06:29.910+02:00  INFO 32144 --- [lab06] [restartedMain] j.LocalContainerEntityManagerFactoryBean : Initialized JPA EntityManagerFactory for persistence unit 'default'
2026-05-05T16:06:30.121+02:00  INFO 32144 --- [lab06] [restartedMain] o.s.d.j.r.query.QueryEnhancerFactories   : Hibernate is in classpath; If applicable, HQL parser will be used.
2026-05-05T16:06:32.085+02:00  WARN 32144 --- [lab06] [restartedMain] JpaBaseConfiguration$JpaWebConfiguration : spring.jpa.open-in-view is enabled by default. Therefore, database queries may be performed during view rendering. Explicitly configure spring.jpa.open-in-view to disable this warning
2026-05-05T16:06:33.420+02:00  INFO 32144 --- [lab06] [restartedMain] o.s.boot.tomcat.TomcatWebServer          : Tomcat started on port 8080 (http) with context path '/'
2026-05-05T16:06:33.436+02:00  INFO 32144 --- [lab06] [restartedMain] p.pwr.ite.dynak.lab06.Lab06Application   : Started Lab06Application in 13.419 seconds (process running for 15.228)
2026-05-05T16:06:33.443+02:00  WARN 32144 --- [lab06] [restartedMain] o.s.core.events.SpringDocAppInitializer  : SpringDoc /v3/api-docs endpoint is enabled by default. To disable it in production, set the property 'springdoc.api-docs.enabled=false'
2026-05-05T16:06:33.443+02:00  WARN 32144 --- [lab06] [restartedMain] o.s.core.events.SpringDocAppInitializer  : SpringDoc /v3/api-docs endpoint is enabled by default. To disable it in production, set the property 'springdoc.swagger-ui.enabled=false'
2026-05-05T16:06:46.261+02:00  INFO 32144 --- [lab06] [http-nio-8080-exec-1] o.a.c.c.C.[Tomcat].[localhost].[/]       : Initializing Spring DispatcherServlet 'dispatcherServlet'
2026-05-05T16:06:46.261+02:00  INFO 32144 --- [lab06] [http-nio-8080-exec-1] o.s.web.servlet.DispatcherServlet        : Initializing Servlet 'dispatcherServlet'
2026-05-05T16:06:46.264+02:00  INFO 32144 --- [lab06] [http-nio-8080-exec-1] o.s.web.servlet.DispatcherServlet        : Completed initialization in 3 ms
2026-05-05T16:06:47.847+02:00  INFO 32144 --- [lab06] [http-nio-8080-exec-9] o.springdoc.api.AbstractOpenApiResource  : Init duration for springdoc-openapi is: 726 ms
2026-05-05T16:27:18.472+02:00  INFO 32144 --- [lab06] [SpringApplicationShutdownHook] o.s.boot.tomcat.GracefulShutdown         : Commencing graceful shutdown. Waiting for active requests to complete
2026-05-05T16:27:18.488+02:00  INFO 32144 --- [lab06] [tomcat-shutdown] o.s.boot.tomcat.GracefulShutdown         : Graceful shutdown complete
2026-05-05T16:27:18.497+02:00  INFO 32144 --- [lab06] [SpringApplicationShutdownHook] j.LocalContainerEntityManagerFactoryBean : Closing JPA EntityManagerFactory for persistence unit 'default'
2026-05-05T16:27:18.505+02:00  INFO 32144 --- [lab06] [SpringApplicationShutdownHook] com.zaxxer.hikari.HikariDataSource       : HikariPool-1 - Shutdown initiated...
2026-05-05T16:27:18.510+02:00  INFO 32144 --- [lab06] [SpringApplicationShutdownHook] com.zaxxer.hikari.HikariDataSource       : HikariPool-1 - Shutdown completed.
2026-05-05T21:27:34.208+02:00  INFO 32368 --- [lab06] [restartedMain] p.pwr.ite.dynak.lab06.Lab06Application   : Starting Lab06Application using Java 25.0.2 with PID 32368 (C:\Users\grzed\IdeaProjects\gdyn280963_javatz_2026\lab06\target\classes started by grzed in C:\Users\grzed\IdeaProjects\gdyn280963_javatz_2026\lab06)
2026-05-05T21:27:34.212+02:00  INFO 32368 --- [lab06] [restartedMain] p.pwr.ite.dynak.lab06.Lab06Application   : No active profile set, falling back to 1 default profile: "default"
2026-05-05T21:27:34.272+02:00  INFO 32368 --- [lab06] [restartedMain] .e.DevToolsPropertyDefaultsPostProcessor : Devtools property defaults active! Set 'spring.devtools.add-properties' to 'false' to disable
2026-05-05T21:27:34.272+02:00  INFO 32368 --- [lab06] [restartedMain] .e.DevToolsPropertyDefaultsPostProcessor : For additional web related logging consider setting the 'logging.level.web' property to 'DEBUG'
2026-05-05T21:27:35.342+02:00  INFO 32368 --- [lab06] [restartedMain] .s.d.r.c.RepositoryConfigurationDelegate : Bootstrapping Spring Data JPA repositories in DEFAULT mode.
2026-05-05T21:27:35.423+02:00  INFO 32368 --- [lab06] [restartedMain] .s.d.r.c.RepositoryConfigurationDelegate : Finished Spring Data repository scanning in 69 ms. Found 5 JPA repository interfaces.
2026-05-05T21:27:36.164+02:00  INFO 32368 --- [lab06] [restartedMain] o.s.boot.tomcat.TomcatWebServer          : Tomcat initialized with port 8080 (http)
2026-05-05T21:27:36.181+02:00  INFO 32368 --- [lab06] [restartedMain] o.apache.catalina.core.StandardService   : Starting service [Tomcat]
2026-05-05T21:27:36.182+02:00  INFO 32368 --- [lab06] [restartedMain] o.apache.catalina.core.StandardEngine    : Starting Servlet engine: [Apache Tomcat/11.0.20]
2026-05-05T21:27:36.257+02:00  INFO 32368 --- [lab06] [restartedMain] b.w.c.s.WebApplicationContextInitializer : Root WebApplicationContext: initialization completed in 1984 ms
2026-05-05T21:27:36.573+02:00  INFO 32368 --- [lab06] [restartedMain] org.hibernate.orm.jpa                    : HHH008540: Processing PersistenceUnitInfo [name: default]
2026-05-05T21:27:36.684+02:00  INFO 32368 --- [lab06] [restartedMain] org.hibernate.orm.core                   : HHH000001: Hibernate ORM core version 7.2.7.Final
2026-05-05T21:27:37.641+02:00  INFO 32368 --- [lab06] [restartedMain] o.s.o.j.p.SpringPersistenceUnitInfo      : No LoadTimeWeaver setup: ignoring JPA class transformer
2026-05-05T21:27:37.705+02:00  INFO 32368 --- [lab06] [restartedMain] com.zaxxer.hikari.HikariDataSource       : HikariPool-1 - Starting...
2026-05-05T21:27:37.841+02:00  INFO 32368 --- [lab06] [restartedMain] com.zaxxer.hikari.pool.HikariPool        : HikariPool-1 - Added connection org.sqlite.jdbc4.JDBC4Connection@58ede3d0
2026-05-05T21:27:37.844+02:00  INFO 32368 --- [lab06] [restartedMain] com.zaxxer.hikari.HikariDataSource       : HikariPool-1 - Start completed.
2026-05-05T21:27:37.947+02:00  INFO 32368 --- [lab06] [restartedMain] org.hibernate.orm.connections.pooling    : HHH10001005: Database info:
	Database JDBC URL [jdbc:sqlite:mydatabase.db]
	Database driver: SQLite JDBC
	Database dialect: SQLiteDialect
	Database version: 3.50.3
	Default catalog/schema: undefined/undefined
	Autocommit mode: undefined/unknown
	Isolation level: SERIALIZABLE [default SERIALIZABLE]
	JDBC fetch size: none
	Pool: DataSourceConnectionProvider
	Minimum pool size: undefined/unknown
	Maximum pool size: undefined/unknown
2026-05-05T21:27:39.328+02:00  INFO 32368 --- [lab06] [restartedMain] org.hibernate.orm.core                   : HHH000489: No JTA platform available (set 'hibernate.transaction.jta.platform' to enable JTA platform integration)
2026-05-05T21:27:39.388+02:00  INFO 32368 --- [lab06] [restartedMain] j.LocalContainerEntityManagerFactoryBean : Initialized JPA EntityManagerFactory for persistence unit 'default'
2026-05-05T21:27:39.497+02:00  INFO 32368 --- [lab06] [restartedMain] o.s.d.j.r.query.QueryEnhancerFactories   : Hibernate is in classpath; If applicable, HQL parser will be used.
2026-05-05T21:27:40.510+02:00  WARN 32368 --- [lab06] [restartedMain] JpaBaseConfiguration$JpaWebConfiguration : spring.jpa.open-in-view is enabled by default. Therefore, database queries may be performed during view rendering. Explicitly configure spring.jpa.open-in-view to disable this warning
2026-05-05T21:27:41.062+02:00  INFO 32368 --- [lab06] [restartedMain] o.s.boot.tomcat.TomcatWebServer          : Tomcat started on port 8080 (http) with context path '/'
2026-05-05T21:27:41.073+02:00  INFO 32368 --- [lab06] [restartedMain] p.pwr.ite.dynak.lab06.Lab06Application   : Started Lab06Application in 7.47 seconds (process running for 8.523)
2026-05-05T21:27:41.082+02:00  WARN 32368 --- [lab06] [restartedMain] o.s.core.events.SpringDocAppInitializer  : SpringDoc /v3/api-docs endpoint is enabled by default. To disable it in production, set the property 'springdoc.api-docs.enabled=false'
2026-05-05T21:27:41.082+02:00  WARN 32368 --- [lab06] [restartedMain] o.s.core.events.SpringDocAppInitializer  : SpringDoc /v3/api-docs endpoint is enabled by default. To disable it in production, set the property 'springdoc.swagger-ui.enabled=false'
2026-05-05T21:27:42.303+02:00  INFO 32368 --- [lab06] [http-nio-8080-exec-1] o.a.c.c.C.[Tomcat].[localhost].[/]       : Initializing Spring DispatcherServlet 'dispatcherServlet'
2026-05-05T21:27:42.304+02:00  INFO 32368 --- [lab06] [http-nio-8080-exec-1] o.s.web.servlet.DispatcherServlet        : Initializing Servlet 'dispatcherServlet'
2026-05-05T21:27:42.306+02:00  INFO 32368 --- [lab06] [http-nio-8080-exec-1] o.s.web.servlet.DispatcherServlet        : Completed initialization in 2 ms
2026-05-05T21:27:43.116+02:00  INFO 32368 --- [lab06] [http-nio-8080-exec-3] o.springdoc.api.AbstractOpenApiResource  : Init duration for springdoc-openapi is: 302 ms
2026-05-05T21:30:10.616+02:00  INFO 32368 --- [lab06] [SpringApplicationShutdownHook] o.s.boot.tomcat.GracefulShutdown         : Commencing graceful shutdown. Waiting for active requests to complete
2026-05-05T21:30:10.630+02:00  INFO 32368 --- [lab06] [tomcat-shutdown] o.s.boot.tomcat.GracefulShutdown         : Graceful shutdown complete
2026-05-05T21:30:10.639+02:00  INFO 32368 --- [lab06] [SpringApplicationShutdownHook] j.LocalContainerEntityManagerFactoryBean : Closing JPA EntityManagerFactory for persistence unit 'default'
2026-05-05T21:30:10.647+02:00  INFO 32368 --- [lab06] [SpringApplicationShutdownHook] com.zaxxer.hikari.HikariDataSource       : HikariPool-1 - Shutdown initiated...
2026-05-05T21:30:10.651+02:00  INFO 32368 --- [lab06] [SpringApplicationShutdownHook] com.zaxxer.hikari.HikariDataSource       : HikariPool-1 - Shutdown completed.
